<html>
<body>
<pre>
<h1>µVision Build Log</h1>
<h2>Project:</h2>
C:\Users\dredhorse5\Documents\”˜Â·‡\÷ÛËÏÔ\Ukeil\Cursach_36\lab2.uvproj
Project File Date:  04/05/2022

<h2>Output:</h2>
Build target 'Target 1'
assembling startup_stm32f4xx.s...
compiling Main.c...
Main\init.h(3): warning:  #1-D: last line of file ends without a newline
  void init(void);
Main\Main.c(118): warning:  #223-D: function "RNG_GetRandomNumber" declared implicitly
        RandomLed = (RNG_GetRandomNumber() % 4) + 1; // from 1 to 4
Main\Main.c: 2 warnings, 0 errors
compiling init.c...
Main\init.c(30): warning:  #223-D: function "RNG_Cmd" declared implicitly
        RNG_Cmd(ENABLE);
Main\init.c(31): warning:  #223-D: function "UartInit" declared implicitly
        UartInit();
Main\init.c(34): error:  #159: declaration is incompatible with previous "UartInit" (declared at line 31)
  void UartInit()
Main\init.c(37): error:  #20: identifier "USART_InitTypeDef" is undefined
        USART_InitTypeDef set_usart;
Main\init.c(53): error:  #20: identifier "USART_HardwareFlowControl_None" is undefined
        set_usart.USART_HardwareFlowControl = USART_HardwareFlowControl_None;
Main\init.c(54): error:  #20: identifier "USART_Mode_Tx" is undefined
        set_usart.USART_Mode = USART_Mode_Tx|USART_Mode_Rx;
Main\init.c(54): error:  #20: identifier "USART_Mode_Rx" is undefined
        set_usart.USART_Mode = USART_Mode_Tx|USART_Mode_Rx;
Main\init.c(55): error:  #20: identifier "USART_Parity_No" is undefined
        set_usart.USART_Parity = USART_Parity_No;
Main\init.c(56): error:  #20: identifier "USART_StopBits_1" is undefined
        set_usart.USART_StopBits = USART_StopBits_1;
Main\init.c(57): error:  #20: identifier "USART_WordLength_8b" is undefined
        set_usart.USART_WordLength = USART_WordLength_8b;
Main\init.c(59): warning:  #223-D: function "USART_Init" declared implicitly
        USART_Init(USART2, &set_usart);
Main\init.c(60): warning:  #223-D: function "USART_Cmd" declared implicitly
        USART_Cmd(USART2, ENABLE);
Main\init.c(63): warning:  #223-D: function "USART_ITConfig" declared implicitly
        USART_ITConfig(USART2, USART_IT_RXNE, ENABLE);
Main\init.c(63): error:  #20: identifier "USART_IT_RXNE" is undefined
        USART_ITConfig(USART2, USART_IT_RXNE, ENABLE);
Main\init.c(66): warning:  #1-D: last line of file ends without a newline
  }
Main\init.c: 6 warnings, 9 errors
compiling system_stm32f4xx.c...
compiling misc.c...
compiling stm32f4xx_adc.c...
compiling stm32f4xx_can.c...
compiling stm32f4xx_crc.c...
compiling stm32f4xx_cryp.c...
compiling stm32f4xx_cryp_aes.c...
compiling stm32f4xx_cryp_des.c...
compiling stm32f4xx_cryp_tdes.c...
compiling stm32f4xx_dac.c...
compiling stm32f4xx_dbgmcu.c...
compiling stm32f4xx_dcmi.c...
compiling stm32f4xx_dma.c...
compiling stm32f4xx_exti.c...
compiling stm32f4xx_flash.c...
compiling stm32f4xx_fsmc.c...
compiling stm32f4xx_gpio.c...
compiling stm32f4xx_hash.c...
compiling stm32f4xx_hash_md5.c...
compiling stm32f4xx_hash_sha1.c...
compiling stm32f4xx_i2c.c...
compiling stm32f4xx_iwdg.c...
compiling stm32f4xx_pwr.c...
compiling stm32f4xx_rcc.c...
compiling stm32f4xx_rng.c...
compiling stm32f4xx_rtc.c...
compiling stm32f4xx_sdio.c...
compiling stm32f4xx_spi.c...
compiling stm32f4xx_syscfg.c...
compiling stm32f4xx_tim.c...
compiling stm32f4xx_usart.c...
compiling stm32f4xx_wwdg.c...
".\lab2.axf" - 9 Error(s), 8 Warning(s).
Target not created
</pre>
</body>
</html>
